<?xml version="1.0" encoding="UTF-8"?>
<!-- Generated by org.testng.reporters.JUnitXMLReporter -->
<testsuite hostname="DESKTOP-9CT65DP" ignored="0" name="Default test" tests="5" failures="0" timestamp="20 May 2018 15:20:31 GMT" time="40.01" errors="0">
  <testcase name="Allmediany_SignUpPage_TestCase" time="13.903" classname="testCases.Allmediany_SignUpPage_Test"/>
  <testcase name="Allmediany_SignUpPage_TestCase" time="11.532" classname="testCases.Allmediany_SignUpPage_Test"/>
  <testcase name="Allmediany_SignUpPage_TestCase" time="0.0" classname="testCases.Allmediany_SignUpPage_Test">
    <skipped/>
  </testcase> <!-- Allmediany_SignUpPage_TestCase -->
  <testcase name="Allmediany_SignUpPage_TestCase" time="0.0" classname="testCases.Allmediany_SignUpPage_Test">
    <skipped/>
  </testcase> <!-- Allmediany_SignUpPage_TestCase -->
  <testcase name="Allmediany_SignUpPage_TestCase" time="10.93" classname="testCases.Allmediany_SignUpPage_Test"/>
</testsuite> <!-- Default test -->
