<?xml version="1.0" encoding="UTF-8"?>
<!-- Generated by org.testng.reporters.JUnitXMLReporter -->
<testsuite hostname="DESKTOP-9CT65DP" ignored="0" name="Test Suite" tests="5" failures="0" timestamp="08 May 2018 06:18:12 GMT" time="22.043" errors="0">
  <testcase name="Allmediany_SignUpPage_TestCase" time="18.705" classname="testCases.Allmediany_SignUpPage_Test"/>
  <testcase name="Allmediany_SignUpPage_TestCase" time="0.004" classname="testCases.Allmediany_SignUpPage_Test">
    <skipped/>
  </testcase> <!-- Allmediany_SignUpPage_TestCase -->
  <testcase name="Allmediany_SignUpPage_TestCase" time="0.007" classname="testCases.Allmediany_SignUpPage_Test">
    <skipped/>
  </testcase> <!-- Allmediany_SignUpPage_TestCase -->
  <testcase name="Allmediany_SignUpPage_TestCase" time="0.006" classname="testCases.Allmediany_SignUpPage_Test">
    <skipped/>
  </testcase> <!-- Allmediany_SignUpPage_TestCase -->
  <testcase name="Allmediany_SignUpPage_TestCase" time="0.004" classname="testCases.Allmediany_SignUpPage_Test">
    <skipped/>
  </testcase> <!-- Allmediany_SignUpPage_TestCase -->
</testsuite> <!-- Test Suite -->
