<?xml version="1.0" encoding="UTF-8"?>
<!-- Generated by org.testng.reporters.JUnitXMLReporter -->
<testsuite hostname="DESKTOP-9CT65DP" ignored="0" name="Test" tests="9" failures="0" timestamp="26 Apr 2018 03:26:28 GMT" time="62.441" errors="0">
  <testcase name="SampleTest" time="12.699" classname="testCases.Allmediany_SignUpPage_Test"/>
  <testcase name="SampleTest" time="14.418" classname="testCases.Allmediany_SignUpPage_Test"/>
  <testcase name="SampleTest" time="0.004" classname="testCases.Allmediany_SignUpPage_Test">
    <skipped/>
  </testcase> <!-- SampleTest -->
  <testcase name="SampleTest" time="0.003" classname="testCases.Allmediany_SignUpPage_Test">
    <skipped/>
  </testcase> <!-- SampleTest -->
  <testcase name="SampleTest" time="0.004" classname="testCases.Allmediany_SignUpPage_Test">
    <skipped/>
  </testcase> <!-- SampleTest -->
  <testcase name="SampleTest" time="13.193" classname="testCases.Testing2"/>
  <testcase name="SampleTest" time="17.371" classname="testCases.Testing2"/>
  <testcase name="SampleTest" time="0.003" classname="testCases.Testing2">
    <skipped/>
  </testcase> <!-- SampleTest -->
  <testcase name="SampleTest" time="0.004" classname="testCases.Testing2">
    <skipped/>
  </testcase> <!-- SampleTest -->
</testsuite> <!-- Test -->
